<?xml version="1.0" encoding="UTF-8"?>
<testng-results ignored="0" total="6" passed="5" failed="1" skipped="0">
  <reporter-output>
  </reporter-output>
  <suite started-at="2023-11-02T20:15:54 IST" name="Default suite" finished-at="2023-11-02T20:16:05 IST" duration-ms="11339">
    <groups>
    </groups>
    <test started-at="2023-11-02T20:15:54 IST" name="Default test" finished-at="2023-11-02T20:16:05 IST" duration-ms="11339">
      <class name="com.qa.opencart.test.AccountPagetest">
        <test-method is-config="true" signature="setUp()[pri:0, instance:com.qa.opencart.test.AccountPagetest@55a147cc]" started-at="2023-11-02T20:15:54 IST" name="setUp" finished-at="2023-11-02T20:16:01 IST" duration-ms="7610" status="PASS">
          <reporter-output>
          </reporter-output>
        </test-method> <!-- setUp -->
        <test-method is-config="true" signature="accountPagesetUp()[pri:0, instance:com.qa.opencart.test.AccountPagetest@55a147cc]" started-at="2023-11-02T20:16:01 IST" name="accountPagesetUp" finished-at="2023-11-02T20:16:03 IST" duration-ms="1569" status="PASS">
          <reporter-output>
          </reporter-output>
        </test-method> <!-- accountPagesetUp -->
        <test-method signature="accAccountPageHeaderList()[pri:0, instance:com.qa.opencart.test.AccountPagetest@55a147cc]" started-at="2023-11-02T20:16:03 IST" name="accAccountPageHeaderList" finished-at="2023-11-02T20:16:03 IST" duration-ms="137" status="PASS">
          <reporter-output>
          </reporter-output>
        </test-method> <!-- accAccountPageHeaderList -->
        <test-method signature="accountPageTitleTest()[pri:0, instance:com.qa.opencart.test.AccountPagetest@55a147cc]" started-at="2023-11-02T20:16:03 IST" name="accountPageTitleTest" finished-at="2023-11-02T20:16:03 IST" duration-ms="17" status="PASS">
          <reporter-output>
          </reporter-output>
        </test-method> <!-- accountPageTitleTest -->
        <test-method signature="accountPageUrltest()[pri:0, instance:com.qa.opencart.test.AccountPagetest@55a147cc]" started-at="2023-11-02T20:16:03 IST" name="accountPageUrltest" finished-at="2023-11-02T20:16:03 IST" duration-ms="12" status="PASS">
          <reporter-output>
          </reporter-output>
        </test-method> <!-- accountPageUrltest -->
        <test-method signature="accoutPageHeaderValues()[pri:0, instance:com.qa.opencart.test.AccountPagetest@55a147cc]" started-at="2023-11-02T20:16:03 IST" name="accoutPageHeaderValues" finished-at="2023-11-02T20:16:03 IST" duration-ms="78" status="FAIL">
          <exception class="java.lang.AssertionError">
            <message>
              <![CDATA[Collections not equal: expected: [My Account, My Orders, My Affiliate Account, Newsletter] and actual: [[[ChromeDriver: chrome on windows (646ae5bc635e61153ce1aa1cd4a67125)] -> css selector: div#content h2], [[ChromeDriver: chrome on windows (646ae5bc635e61153ce1aa1cd4a67125)] -> css selector: div#content h2], [[ChromeDriver: chrome on windows (646ae5bc635e61153ce1aa1cd4a67125)] -> css selector: div#content h2], [[ChromeDriver: chrome on windows (646ae5bc635e61153ce1aa1cd4a67125)] -> css selector: div#content h2]]]]>
            </message>
            <full-stacktrace>
              <![CDATA[java.lang.AssertionError: Collections not equal: expected: [My Account, My Orders, My Affiliate Account, Newsletter] and actual: [[[ChromeDriver: chrome on windows (646ae5bc635e61153ce1aa1cd4a67125)] -> css selector: div#content h2], [[ChromeDriver: chrome on windows (646ae5bc635e61153ce1aa1cd4a67125)] -> css selector: div#content h2], [[ChromeDriver: chrome on windows (646ae5bc635e61153ce1aa1cd4a67125)] -> css selector: div#content h2], [[ChromeDriver: chrome on windows (646ae5bc635e61153ce1aa1cd4a67125)] -> css selector: div#content h2]]
at org.testng.Assert.fail(Assert.java:110)
at org.testng.Assert.failAssertNoEqual(Assert.java:1742)
at org.testng.Assert.assertEqualsNoOrder(Assert.java:1691)
at org.testng.Assert.assertEqualsNoOrder(Assert.java:1778)
at com.qa.opencart.test.AccountPagetest.accoutPageHeaderValues(AccountPagetest.java:56)
at java.base/jdk.internal.reflect.NativeMethodAccessorImpl.invoke0(Native Method)
at java.base/jdk.internal.reflect.NativeMethodAccessorImpl.invoke(NativeMethodAccessorImpl.java:77)
at java.base/jdk.internal.reflect.DelegatingMethodAccessorImpl.invoke(DelegatingMethodAccessorImpl.java:43)
at java.base/java.lang.reflect.Method.invoke(Method.java:568)
at org.testng.internal.invokers.MethodInvocationHelper.invokeMethod(MethodInvocationHelper.java:139)
at org.testng.internal.invokers.TestInvoker.invokeMethod(TestInvoker.java:677)
at org.testng.internal.invokers.TestInvoker.invokeTestMethod(TestInvoker.java:221)
at org.testng.internal.invokers.MethodRunner.runInSequence(MethodRunner.java:50)
at org.testng.internal.invokers.TestInvoker$MethodInvocationAgent.invoke(TestInvoker.java:962)
at org.testng.internal.invokers.TestInvoker.invokeTestMethods(TestInvoker.java:194)
at org.testng.internal.invokers.TestMethodWorker.invokeTestMethods(TestMethodWorker.java:148)
at org.testng.internal.invokers.TestMethodWorker.run(TestMethodWorker.java:128)
at java.base/java.util.ArrayList.forEach(ArrayList.java:1511)
at org.testng.TestRunner.privateRun(TestRunner.java:806)
at org.testng.TestRunner.run(TestRunner.java:601)
at org.testng.SuiteRunner.runTest(SuiteRunner.java:433)
at org.testng.SuiteRunner.runSequentially(SuiteRunner.java:427)
at org.testng.SuiteRunner.privateRun(SuiteRunner.java:387)
at org.testng.SuiteRunner.run(SuiteRunner.java:330)
at org.testng.SuiteRunnerWorker.runSuite(SuiteRunnerWorker.java:52)
at org.testng.SuiteRunnerWorker.run(SuiteRunnerWorker.java:95)
at org.testng.TestNG.runSuitesSequentially(TestNG.java:1256)
at org.testng.TestNG.runSuitesLocally(TestNG.java:1176)
at org.testng.TestNG.runSuites(TestNG.java:1099)
at org.testng.TestNG.run(TestNG.java:1067)
at org.testng.remote.AbstractRemoteTestNG.run(AbstractRemoteTestNG.java:115)
at org.testng.remote.RemoteTestNG.initAndRun(RemoteTestNG.java:251)
at org.testng.remote.RemoteTestNG.main(RemoteTestNG.java:77)
]]>
            </full-stacktrace>
          </exception> <!-- java.lang.AssertionError -->
          <reporter-output>
          </reporter-output>
        </test-method> <!-- accoutPageHeaderValues -->
        <test-method signature="isLogoutLinkExist()[pri:0, instance:com.qa.opencart.test.AccountPagetest@55a147cc]" started-at="2023-11-02T20:16:03 IST" name="isLogoutLinkExist" finished-at="2023-11-02T20:16:03 IST" duration-ms="76" status="PASS">
          <reporter-output>
          </reporter-output>
        </test-method> <!-- isLogoutLinkExist -->
        <test-method signature="searchTest()[pri:0, instance:com.qa.opencart.test.AccountPagetest@55a147cc]" started-at="2023-11-02T20:16:03 IST" name="searchTest" finished-at="2023-11-02T20:16:05 IST" duration-ms="1211" status="PASS">
          <reporter-output>
          </reporter-output>
        </test-method> <!-- searchTest -->
        <test-method is-config="true" signature="tearDown()[pri:0, instance:com.qa.opencart.test.AccountPagetest@55a147cc]" started-at="2023-11-02T20:16:05 IST" name="tearDown" finished-at="2023-11-02T20:16:05 IST" duration-ms="509" status="PASS">
          <reporter-output>
          </reporter-output>
        </test-method> <!-- tearDown -->
      </class> <!-- com.qa.opencart.test.AccountPagetest -->
    </test> <!-- Default test -->
  </suite> <!-- Default suite -->
</testng-results>
